## Footprint report - date 26/02/2019 11:07:38
## Created by Pcbnew version kicad (5.0.2)-1
## Unit = mm, Angle = deg.

$BeginDESCRIPTION

$BOARD
upper_left_corner 99.534286 64.184999
lower_right_corner 203.290001 132.845001
$EndBOARD

$MODULE "J6"
reference "J6"
value "Conn_01x12_Female"
footprint "Alex_Parts:1.3_240x240_RGB_IPS_LCD"
attribut none
position 118.290000 119.810000  orientation 0.00
layer front
$PAD "1"
Shape Rect Layer front
position 42.350000 -12.155000  size  3.000000  0.350000  orientation 0.00
drill  0.000000
shape_offset  0.000000  0.000000
$EndPAD
$PAD "2"
Shape Rect Layer front
position 42.350000 -12.855000  size  3.000000  0.350000  orientation 0.00
drill  0.000000
shape_offset  0.000000  0.000000
$EndPAD
$PAD "3"
Shape Rect Layer front
position 42.350000 -13.555000  size  3.000000  0.350000  orientation 0.00
drill  0.000000
shape_offset  0.000000  0.000000
$EndPAD
$PAD "4"
Shape Rect Layer front
position 42.350000 -14.255000  size  3.000000  0.350000  orientation 0.00
drill  0.000000
shape_offset  0.000000  0.000000
$EndPAD
$PAD "5"
Shape Rect Layer front
position 42.350000 -14.955000  size  3.000000  0.350000  orientation 0.00
drill  0.000000
shape_offset  0.000000  0.000000
$EndPAD
$PAD "6"
Shape Rect Layer front
position 42.350000 -15.655000  size  3.000000  0.350000  orientation 0.00
drill  0.000000
shape_offset  0.000000  0.000000
$EndPAD
$PAD "7"
Shape Rect Layer front
position 42.350000 -16.355000  size  3.000000  0.350000  orientation 0.00
drill  0.000000
shape_offset  0.000000  0.000000
$EndPAD
$PAD "8"
Shape Rect Layer front
position 42.350000 -17.055000  size  3.000000  0.350000  orientation 0.00
drill  0.000000
shape_offset  0.000000  0.000000
$EndPAD
$PAD "9"
Shape Rect Layer front
position 42.350000 -17.755000  size  3.000000  0.350000  orientation 0.00
drill  0.000000
shape_offset  0.000000  0.000000
$EndPAD
$PAD "10"
Shape Rect Layer front
position 42.350000 -18.455000  size  3.000000  0.350000  orientation 0.00
drill  0.000000
shape_offset  0.000000  0.000000
$EndPAD
$PAD "11"
Shape Rect Layer front
position 42.350000 -19.155000  size  3.000000  0.350000  orientation 0.00
drill  0.000000
shape_offset  0.000000  0.000000
$EndPAD
$PAD "12"
Shape Rect Layer front
position 42.350000 -19.855000  size  3.000000  0.350000  orientation 0.00
drill  0.000000
shape_offset  0.000000  0.000000
$EndPAD
$EndMODULE  J6

$MODULE "G***"
reference "G***"
value "LOGO"
footprint "PCB_Graphics:SD_Logo_5mm_inv"
attribut none
position 165.140000 83.850000  orientation 0.00
layer front
$EndMODULE  G***

$MODULE "Q1"
reference "Q1"
value "NTR4003"
footprint "Package_TO_SOT_SMD:SOT-23"
attribut smd
position 171.740000 105.890000  orientation 180.00
layer front
$PAD "1"
Shape Rect Layer front
position -1.000000 -0.950000  size  0.900000  0.800000  orientation 0.00
drill  0.000000
shape_offset  0.000000  0.000000
$EndPAD
$PAD "2"
Shape Rect Layer front
position -1.000000  0.950000  size  0.900000  0.800000  orientation 0.00
drill  0.000000
shape_offset  0.000000  0.000000
$EndPAD
$PAD "3"
Shape Rect Layer front
position  1.000000  0.000000  size  0.900000  0.800000  orientation 0.00
drill  0.000000
shape_offset  0.000000  0.000000
$EndPAD
$EndMODULE  Q1

$MODULE "G***"
reference "G***"
value "LOGO"
footprint "PCB_Graphics:Oxford_Logo_35mm_inv"
attribut none
position 135.725422 81.470000  orientation 0.00
layer front
$EndMODULE  G***

$MODULE "JP1"
reference "JP1"
value "BOOT0"
footprint "Jumper:SolderJumper-3_P1.3mm_Open_RoundedPad1.0x1.5mm"
attribut virtual
position 161.860000 89.260000  orientation 0.00
layer front
$PAD "1"
Shape CustomShape Layer front
position -1.300000  0.000000  size  1.000000  0.500000  orientation 0.00
drill  0.000000
shape_offset  0.000000  0.000000
$EndPAD
$PAD "3"
Shape CustomShape Layer front
position  1.300000  0.000000  size  1.000000  0.500000  orientation 0.00
drill  0.000000
shape_offset  0.000000  0.000000
$EndPAD
$PAD "2"
Shape Rect Layer front
position  0.000000  0.000000  size  1.000000  1.500000  orientation 0.00
drill  0.000000
shape_offset  0.000000  0.000000
$EndPAD
$EndMODULE  JP1

$MODULE "G***"
reference "G***"
value "LOGO"
footprint "PCB_Graphics:Oxford_Logo_35mm"
attribut none
position 135.719072 81.480000  orientation 0.00
layer front
$EndMODULE  G***

$MODULE "JP2"
reference "JP2"
value "BOOT1"
footprint "Jumper:SolderJumper-3_P1.3mm_Bridged12_RoundedPad1.0x1.5mm"
attribut virtual
position 161.840000 93.050000  orientation 0.00
layer front
$PAD "1"
Shape CustomShape Layer front
position -1.300000  0.000000  size  1.000000  0.500000  orientation 0.00
drill  0.000000
shape_offset  0.000000  0.000000
$EndPAD
$PAD "3"
Shape CustomShape Layer front
position  1.300000  0.000000  size  1.000000  0.500000  orientation 0.00
drill  0.000000
shape_offset  0.000000  0.000000
$EndPAD
$PAD "2"
Shape Rect Layer front
position  0.000000  0.000000  size  1.000000  1.500000  orientation 0.00
drill  0.000000
shape_offset  0.000000  0.000000
$EndPAD
$EndMODULE  JP2

$MODULE "BT1"
reference "BT1"
value "Battery"
footprint "Battery:BatteryHolder_Keystone_2479_3xAAA"
attribut none
position 182.880000 84.770000  orientation 180.00
layer back
$PAD "1"
Shape Rect Layer both
position  0.000000  0.000000  size  2.000000  2.000000  orientation 0.00
drill  1.020000
shape_offset  0.000000  0.000000
$EndPAD
$PAD "2"
Shape Circle Layer both
position  0.000000 -12.700000  size  2.000000  2.000000  orientation 0.00
drill  1.020000
shape_offset  0.000000  0.000000
$EndPAD
$EndMODULE  BT1

$MODULE "C4"
reference "C4"
value "100nF"
footprint "Capacitor_SMD:C_0805_2012Metric_Pad1.15x1.40mm_HandSolder"
attribut smd
position 168.400000 101.700000  orientation 135.00
layer front
$PAD "1"
Shape Roundrect Layer front
position -1.024999  0.000000  size  1.150000  1.400000  orientation 0.00
drill  0.000000
shape_offset  0.000000  0.000000
$EndPAD
$PAD "2"
Shape Roundrect Layer front
position  1.024999  0.000000  size  1.150000  1.400000  orientation 0.00
drill  0.000000
shape_offset  0.000000  0.000000
$EndPAD
$EndMODULE  C4

$MODULE "C5"
reference "C5"
value "100nF"
footprint "Capacitor_SMD:C_0805_2012Metric_Pad1.15x1.40mm_HandSolder"
attribut smd
position 166.620000 91.610000  orientation 45.00
layer front
$PAD "2"
Shape Roundrect Layer front
position  1.024999  0.000000  size  1.150000  1.400000  orientation 0.00
drill  0.000000
shape_offset  0.000000  0.000000
$EndPAD
$PAD "1"
Shape Roundrect Layer front
position -1.024999  0.000000  size  1.150000  1.400000  orientation 0.00
drill  0.000000
shape_offset  0.000000  0.000000
$EndPAD
$EndMODULE  C5

$MODULE "U1"
reference "U1"
value "STM32F103C8Tx"
footprint "Package_QFP:LQFP-48_7x7mm_P0.5mm"
attribut smd
position 172.560000 95.730000  orientation 135.00
layer front
$PAD "1"
Shape Rect Layer front
position -4.350000 -2.750000  size  1.300000  0.250000  orientation 0.00
drill  0.000000
shape_offset  0.000000  0.000000
$EndPAD
$PAD "2"
Shape Rect Layer front
position -4.350000 -2.250000  size  1.300000  0.250000  orientation 0.00
drill  0.000000
shape_offset  0.000000  0.000000
$EndPAD
$PAD "3"
Shape Rect Layer front
position -4.350000 -1.749999  size  1.300000  0.250000  orientation 0.00
drill  0.000000
shape_offset  0.000000  0.000000
$EndPAD
$PAD "4"
Shape Rect Layer front
position -4.350000 -1.250000  size  1.300000  0.250000  orientation 0.00
drill  0.000000
shape_offset  0.000000  0.000000
$EndPAD
$PAD "5"
Shape Rect Layer front
position -4.350000 -0.750001  size  1.300000  0.250000  orientation 0.00
drill  0.000000
shape_offset  0.000000  0.000000
$EndPAD
$PAD "6"
Shape Rect Layer front
position -4.350000 -0.250000  size  1.300000  0.250000  orientation 0.00
drill  0.000000
shape_offset  0.000000  0.000000
$EndPAD
$PAD "7"
Shape Rect Layer front
position -4.350000  0.250000  size  1.300000  0.250000  orientation 0.00
drill  0.000000
shape_offset  0.000000  0.000000
$EndPAD
$PAD "8"
Shape Rect Layer front
position -4.350000  0.750001  size  1.300000  0.250000  orientation 0.00
drill  0.000000
shape_offset  0.000000  0.000000
$EndPAD
$PAD "9"
Shape Rect Layer front
position -4.350000  1.250000  size  1.300000  0.250000  orientation 0.00
drill  0.000000
shape_offset  0.000000  0.000000
$EndPAD
$PAD "10"
Shape Rect Layer front
position -4.350000  1.749999  size  1.300000  0.250000  orientation 0.00
drill  0.000000
shape_offset  0.000000  0.000000
$EndPAD
$PAD "11"
Shape Rect Layer front
position -4.350000  2.250000  size  1.300000  0.250000  orientation 0.00
drill  0.000000
shape_offset  0.000000  0.000000
$EndPAD
$PAD "12"
Shape Rect Layer front
position -4.350000  2.750000  size  1.300000  0.250000  orientation 0.00
drill  0.000000
shape_offset  0.000000  0.000000
$EndPAD
$PAD "13"
Shape Rect Layer front
position -2.750000  4.350000  size  1.300000  0.250000  orientation 90.00
drill  0.000000
shape_offset  0.000000  0.000000
$EndPAD
$PAD "14"
Shape Rect Layer front
position -2.250000  4.350000  size  1.300000  0.250000  orientation 90.00
drill  0.000000
shape_offset  0.000000  0.000000
$EndPAD
$PAD "15"
Shape Rect Layer front
position -1.749999  4.350000  size  1.300000  0.250000  orientation 90.00
drill  0.000000
shape_offset  0.000000  0.000000
$EndPAD
$PAD "16"
Shape Rect Layer front
position -1.250000  4.350000  size  1.300000  0.250000  orientation 90.00
drill  0.000000
shape_offset  0.000000  0.000000
$EndPAD
$PAD "17"
Shape Rect Layer front
position -0.750001  4.350000  size  1.300000  0.250000  orientation 90.00
drill  0.000000
shape_offset  0.000000  0.000000
$EndPAD
$PAD "18"
Shape Rect Layer front
position -0.250000  4.350000  size  1.300000  0.250000  orientation 90.00
drill  0.000000
shape_offset  0.000000  0.000000
$EndPAD
$PAD "19"
Shape Rect Layer front
position  0.250000  4.350000  size  1.300000  0.250000  orientation 90.00
drill  0.000000
shape_offset  0.000000  0.000000
$EndPAD
$PAD "20"
Shape Rect Layer front
position  0.750001  4.350000  size  1.300000  0.250000  orientation 90.00
drill  0.000000
shape_offset  0.000000  0.000000
$EndPAD
$PAD "21"
Shape Rect Layer front
position  1.250000  4.350000  size  1.300000  0.250000  orientation 90.00
drill  0.000000
shape_offset  0.000000  0.000000
$EndPAD
$PAD "22"
Shape Rect Layer front
position  1.749999  4.350000  size  1.300000  0.250000  orientation 90.00
drill  0.000000
shape_offset  0.000000  0.000000
$EndPAD
$PAD "23"
Shape Rect Layer front
position  2.250000  4.350000  size  1.300000  0.250000  orientation 90.00
drill  0.000000
shape_offset  0.000000  0.000000
$EndPAD
$PAD "24"
Shape Rect Layer front
position  2.750000  4.350000  size  1.300000  0.250000  orientation 90.00
drill  0.000000
shape_offset  0.000000  0.000000
$EndPAD
$PAD "25"
Shape Rect Layer front
position  4.350000  2.750000  size  1.300000  0.250000  orientation 0.00
drill  0.000000
shape_offset  0.000000  0.000000
$EndPAD
$PAD "26"
Shape Rect Layer front
position  4.350000  2.250000  size  1.300000  0.250000  orientation 0.00
drill  0.000000
shape_offset  0.000000  0.000000
$EndPAD
$PAD "27"
Shape Rect Layer front
position  4.350000  1.749999  size  1.300000  0.250000  orientation 0.00
drill  0.000000
shape_offset  0.000000  0.000000
$EndPAD
$PAD "28"
Shape Rect Layer front
position  4.350000  1.250000  size  1.300000  0.250000  orientation 0.00
drill  0.000000
shape_offset  0.000000  0.000000
$EndPAD
$PAD "29"
Shape Rect Layer front
position  4.350000  0.750001  size  1.300000  0.250000  orientation 0.00
drill  0.000000
shape_offset  0.000000  0.000000
$EndPAD
$PAD "30"
Shape Rect Layer front
position  4.350000  0.250000  size  1.300000  0.250000  orientation 0.00
drill  0.000000
shape_offset  0.000000  0.000000
$EndPAD
$PAD "31"
Shape Rect Layer front
position  4.350000 -0.250000  size  1.300000  0.250000  orientation 0.00
drill  0.000000
shape_offset  0.000000  0.000000
$EndPAD
$PAD "32"
Shape Rect Layer front
position  4.350000 -0.750001  size  1.300000  0.250000  orientation 0.00
drill  0.000000
shape_offset  0.000000  0.000000
$EndPAD
$PAD "33"
Shape Rect Layer front
position  4.350000 -1.250000  size  1.300000  0.250000  orientation 0.00
drill  0.000000
shape_offset  0.000000  0.000000
$EndPAD
$PAD "34"
Shape Rect Layer front
position  4.350000 -1.749999  size  1.300000  0.250000  orientation 0.00
drill  0.000000
shape_offset  0.000000  0.000000
$EndPAD
$PAD "35"
Shape Rect Layer front
position  4.350000 -2.250000  size  1.300000  0.250000  orientation 0.00
drill  0.000000
shape_offset  0.000000  0.000000
$EndPAD
$PAD "36"
Shape Rect Layer front
position  4.350000 -2.750000  size  1.300000  0.250000  orientation 0.00
drill  0.000000
shape_offset  0.000000  0.000000
$EndPAD
$PAD "37"
Shape Rect Layer front
position  2.750000 -4.350000  size  1.300000  0.250000  orientation 90.00
drill  0.000000
shape_offset  0.000000  0.000000
$EndPAD
$PAD "38"
Shape Rect Layer front
position  2.250000 -4.350000  size  1.300000  0.250000  orientation 90.00
drill  0.000000
shape_offset  0.000000  0.000000
$EndPAD
$PAD "39"
Shape Rect Layer front
position  1.749999 -4.350000  size  1.300000  0.250000  orientation 90.00
drill  0.000000
shape_offset  0.000000  0.000000
$EndPAD
$PAD "40"
Shape Rect Layer front
position  1.250000 -4.350000  size  1.300000  0.250000  orientation 90.00
drill  0.000000
shape_offset  0.000000  0.000000
$EndPAD
$PAD "41"
Shape Rect Layer front
position  0.750001 -4.350000  size  1.300000  0.250000  orientation 90.00
drill  0.000000
shape_offset  0.000000  0.000000
$EndPAD
$PAD "42"
Shape Rect Layer front
position  0.250000 -4.350000  size  1.300000  0.250000  orientation 90.00
drill  0.000000
shape_offset  0.000000  0.000000
$EndPAD
$PAD "43"
Shape Rect Layer front
position -0.250000 -4.350000  size  1.300000  0.250000  orientation 90.00
drill  0.000000
shape_offset  0.000000  0.000000
$EndPAD
$PAD "44"
Shape Rect Layer front
position -0.750001 -4.350000  size  1.300000  0.250000  orientation 90.00
drill  0.000000
shape_offset  0.000000  0.000000
$EndPAD
$PAD "45"
Shape Rect Layer front
position -1.250000 -4.350000  size  1.300000  0.250000  orientation 90.00
drill  0.000000
shape_offset  0.000000  0.000000
$EndPAD
$PAD "46"
Shape Rect Layer front
position -1.749999 -4.350000  size  1.300000  0.250000  orientation 90.00
drill  0.000000
shape_offset  0.000000  0.000000
$EndPAD
$PAD "47"
Shape Rect Layer front
position -2.250000 -4.350000  size  1.300000  0.250000  orientation 90.00
drill  0.000000
shape_offset  0.000000  0.000000
$EndPAD
$PAD "48"
Shape Rect Layer front
position -2.750000 -4.350000  size  1.300000  0.250000  orientation 90.00
drill  0.000000
shape_offset  0.000000  0.000000
$EndPAD
$EndMODULE  U1

$MODULE "J10"
reference "J10"
value "SD_Card"
footprint "Connector_Card:microSD_HC_Hirose_DM3AT-SF-PEJM5"
attribut smd
position 169.000000 77.960000  orientation 180.00
layer front
$PAD "9"
Shape Rect Layer front
position -5.875000 -7.725000  size  0.700000  1.200000  orientation 0.00
drill  0.000000
shape_offset  0.000000  0.000000
$EndPAD
$PAD "8"
Shape Rect Layer front
position -4.925000 -7.725000  size  0.700000  1.200000  orientation 0.00
drill  0.000000
shape_offset  0.000000  0.000000
$EndPAD
$PAD "1"
Shape Rect Layer front
position  2.775000 -7.725000  size  0.700000  1.200000  orientation 0.00
drill  0.000000
shape_offset  0.000000  0.000000
$EndPAD
$PAD "2"
Shape Rect Layer front
position  1.675000 -7.725000  size  0.700000  1.200000  orientation 0.00
drill  0.000000
shape_offset  0.000000  0.000000
$EndPAD
$PAD "3"
Shape Rect Layer front
position  0.575000 -7.725000  size  0.700000  1.200000  orientation 0.00
drill  0.000000
shape_offset  0.000000  0.000000
$EndPAD
$PAD "4"
Shape Rect Layer front
position -0.525000 -7.725000  size  0.700000  1.200000  orientation 0.00
drill  0.000000
shape_offset  0.000000  0.000000
$EndPAD
$PAD "5"
Shape Rect Layer front
position -1.625000 -7.725000  size  0.700000  1.200000  orientation 0.00
drill  0.000000
shape_offset  0.000000  0.000000
$EndPAD
$PAD "6"
Shape Rect Layer front
position -2.725000 -7.725000  size  0.700000  1.200000  orientation 0.00
drill  0.000000
shape_offset  0.000000  0.000000
$EndPAD
$PAD "7"
Shape Rect Layer front
position -3.825000 -7.725000  size  0.700000  1.200000  orientation 0.00
drill  0.000000
shape_offset  0.000000  0.000000
$EndPAD
$PAD "11"
Shape Rect Layer front
position  4.325000 -7.725000  size  1.000000  1.200000  orientation 0.00
drill  0.000000
shape_offset  0.000000  0.000000
$EndPAD
$PAD "11"
Shape Rect Layer front
position -6.825000 -3.425000  size  1.000000  1.200000  orientation 0.00
drill  0.000000
shape_offset  0.000000  0.000000
$EndPAD
$PAD "10"
Shape Rect Layer front
position -6.825000  2.775000  size  1.000000  0.800000  orientation 0.00
drill  0.000000
shape_offset  0.000000  0.000000
$EndPAD
$PAD "11"
Shape Rect Layer front
position -6.825000  6.925000  size  1.000000  2.800000  orientation 0.00
drill  0.000000
shape_offset  0.000000  0.000000
$EndPAD
$PAD "11"
Shape Rect Layer front
position  6.675000  7.375000  size  1.300000  1.900000  orientation 0.00
drill  0.000000
shape_offset  0.000000  0.000000
$EndPAD
$EndMODULE  J10

$MODULE "G***"
reference "G***"
value "LOGO"
footprint "PCB_Graphics:ST32_Logo"
attribut none
position 172.570000 95.710000  orientation 0.00
layer front
$EndMODULE  G***

$MODULE "R15"
reference "R15"
value "1K5"
footprint "Resistor_SMD:R_0805_2012Metric_Pad1.15x1.40mm_HandSolder"
attribut smd
position 185.650000 77.180000  orientation 0.00
layer front
$PAD "1"
Shape Roundrect Layer front
position -1.024999  0.000000  size  1.150000  1.400000  orientation 0.00
drill  0.000000
shape_offset  0.000000  0.000000
$EndPAD
$PAD "2"
Shape Roundrect Layer front
position  1.024999  0.000000  size  1.150000  1.400000  orientation 0.00
drill  0.000000
shape_offset  0.000000  0.000000
$EndPAD
$EndMODULE  R15

$MODULE "SW1"
reference "SW1"
value "Power"
footprint "Button_Switch_SMD:SW_SPDT_CK-JS102011SAQN"
attribut smd
position 174.245000 73.200000  orientation 0.00
layer back
$PAD "1"
Shape Rect Layer back
position -2.500000  2.750000  size  1.250000  2.500000  orientation 0.00
drill  0.000000
shape_offset  0.000000  0.000000
$EndPAD
$PAD "2"
Shape Rect Layer back
position  0.000000  2.750000  size  1.250000  2.500000  orientation 0.00
drill  0.000000
shape_offset  0.000000  0.000000
$EndPAD
$PAD "3"
Shape Rect Layer back
position  2.500000  2.750000  size  1.250000  2.500000  orientation 0.00
drill  0.000000
shape_offset  0.000000  0.000000
$EndPAD
$PAD ""
Shape Circle Layer both
position -3.400000  0.000000  size  0.900000  0.900000  orientation 0.00
drill  0.900000
shape_offset  0.000000  0.000000
$EndPAD
$PAD ""
Shape Circle Layer both
position  3.400000  0.000000  size  0.900000  0.900000  orientation 0.00
drill  0.900000
shape_offset  0.000000  0.000000
$EndPAD
$EndMODULE  SW1

$MODULE "J3"
reference "J3"
value "GPIO"
footprint "Connector_PinHeader_2.54mm:PinHeader_1x06_P2.54mm_Horizontal"
attribut none
position 192.025000 90.345000  orientation 0.00
layer front
$PAD "6"
Shape Oval Layer both
position  0.000000 12.700000  size  1.700000  1.700000  orientation 0.00
drill  1.000000
shape_offset  0.000000  0.000000
$EndPAD
$PAD "5"
Shape Oval Layer both
position  0.000000 10.160000  size  1.700000  1.700000  orientation 0.00
drill  1.000000
shape_offset  0.000000  0.000000
$EndPAD
$PAD "4"
Shape Oval Layer both
position  0.000000  7.620000  size  1.700000  1.700000  orientation 0.00
drill  1.000000
shape_offset  0.000000  0.000000
$EndPAD
$PAD "3"
Shape Oval Layer both
position  0.000000  5.080000  size  1.700000  1.700000  orientation 0.00
drill  1.000000
shape_offset  0.000000  0.000000
$EndPAD
$PAD "2"
Shape Oval Layer both
position  0.000000  2.540000  size  1.700000  1.700000  orientation 0.00
drill  1.000000
shape_offset  0.000000  0.000000
$EndPAD
$PAD "1"
Shape Oval Layer both
position  0.000000  0.000000  size  1.700000  1.700000  orientation 0.00
drill  1.000000
shape_offset  0.000000  0.000000
$EndPAD
$EndMODULE  J3

$MODULE "Y1"
reference "Y1"
value "8MHz"
footprint "Crystal:Crystal_SMD_5032-4Pin_5.0x3.2mm"
attribut smd
position 182.810000 105.540000  orientation 0.00
layer front
$PAD "1"
Shape Rect Layer front
position -1.650000  1.000000  size  1.600000  1.300000  orientation 0.00
drill  0.000000
shape_offset  0.000000  0.000000
$EndPAD
$PAD "2"
Shape Rect Layer front
position  1.650000  1.000000  size  1.600000  1.300000  orientation 0.00
drill  0.000000
shape_offset  0.000000  0.000000
$EndPAD
$PAD "3"
Shape Rect Layer front
position  1.650000 -1.000000  size  1.600000  1.300000  orientation 0.00
drill  0.000000
shape_offset  0.000000  0.000000
$EndPAD
$PAD "4"
Shape Rect Layer front
position -1.650000 -1.000000  size  1.600000  1.300000  orientation 0.00
drill  0.000000
shape_offset  0.000000  0.000000
$EndPAD
$EndMODULE  Y1

$MODULE "C7"
reference "C7"
value "18pF"
footprint "Capacitor_SMD:C_0805_2012Metric_Pad1.15x1.40mm_HandSolder"
attribut smd
position 178.860000 105.540000  orientation 90.00
layer front
$PAD "2"
Shape Roundrect Layer front
position  1.025000  0.000000  size  1.150000  1.400000  orientation 0.00
drill  0.000000
shape_offset  0.000000  0.000000
$EndPAD
$PAD "1"
Shape Roundrect Layer front
position -1.025000  0.000000  size  1.150000  1.400000  orientation 0.00
drill  0.000000
shape_offset  0.000000  0.000000
$EndPAD
$EndMODULE  C7

$MODULE "C8"
reference "C8"
value "18pF"
footprint "Capacitor_SMD:C_0805_2012Metric_Pad1.15x1.40mm_HandSolder"
attribut smd
position 186.710000 105.540000  orientation 270.00
layer front
$PAD "1"
Shape Roundrect Layer front
position -1.025000  0.000000  size  1.150000  1.400000  orientation 0.00
drill  0.000000
shape_offset  0.000000  0.000000
$EndPAD
$PAD "2"
Shape Roundrect Layer front
position  1.025000  0.000000  size  1.150000  1.400000  orientation 0.00
drill  0.000000
shape_offset  0.000000  0.000000
$EndPAD
$EndMODULE  C8

$MODULE "R8"
reference "R8"
value "4K7"
footprint "Resistor_SMD:R_0805_2012Metric_Pad1.15x1.40mm_HandSolder"
attribut smd
position 182.255000 110.157000  orientation 180.00
layer front
$PAD "1"
Shape Roundrect Layer front
position -1.025000  0.000000  size  1.150000  1.400000  orientation 0.00
drill  0.000000
shape_offset  0.000000  0.000000
$EndPAD
$PAD "2"
Shape Roundrect Layer front
position  1.025000  0.000000  size  1.150000  1.400000  orientation 0.00
drill  0.000000
shape_offset  0.000000  0.000000
$EndPAD
$EndMODULE  R8

$MODULE "D2"
reference "D2"
value "LED_RGB"
footprint "LED_SMD:LED_RGB_1210"
attribut smd
position 183.770000 90.980000  orientation 180.00
layer front
$PAD "1"
Shape Rect Layer front
position -1.750000 -0.700000  size  1.500000  1.000000  orientation -180.00
drill  0.000000
shape_offset  0.000000  0.000000
$EndPAD
$PAD "2"
Shape Rect Layer front
position -1.750000  0.700000  size  1.500000  1.000000  orientation -180.00
drill  0.000000
shape_offset  0.000000  0.000000
$EndPAD
$PAD "4"
Shape Rect Layer front
position  1.750000 -0.700000  size  1.500000  1.000000  orientation -180.00
drill  0.000000
shape_offset  0.000000  0.000000
$EndPAD
$PAD "3"
Shape Rect Layer front
position  1.750000  0.700000  size  1.500000  1.000000  orientation -180.00
drill  0.000000
shape_offset  0.000000  0.000000
$EndPAD
$EndMODULE  D2

$MODULE "SW4"
reference "SW4"
value "ENTER"
footprint "Button_Switch_SMD:SW_SPST_B3SL-1022P"
attribut smd
position 159.190000 120.000000  orientation 0.00
layer back
$PAD "1"
Shape Rect Layer back
position -2.880000  2.000000  size  2.750000  1.000000  orientation 0.00
drill  0.000000
shape_offset  0.000000  0.000000
$EndPAD
$PAD "1"
Shape Rect Layer back
position  2.880000  2.000000  size  2.750000  1.000000  orientation 0.00
drill  0.000000
shape_offset  0.000000  0.000000
$EndPAD
$PAD "2"
Shape Rect Layer back
position  2.880000 -2.000000  size  2.750000  1.000000  orientation 0.00
drill  0.000000
shape_offset  0.000000  0.000000
$EndPAD
$PAD "2"
Shape Rect Layer back
position -2.880000 -2.000000  size  2.750000  1.000000  orientation 0.00
drill  0.000000
shape_offset  0.000000  0.000000
$EndPAD
$EndMODULE  SW4

$MODULE "C1"
reference "C1"
value "1uF"
footprint "Capacitor_SMD:C_0805_2012Metric_Pad1.15x1.40mm_HandSolder"
attribut smd
position 180.080000 79.340000  orientation 180.00
layer front
$PAD "1"
Shape Roundrect Layer front
position -1.025000  0.000000  size  1.150000  1.400000  orientation 0.00
drill  0.000000
shape_offset  0.000000  0.000000
$EndPAD
$PAD "2"
Shape Roundrect Layer front
position  1.025000  0.000000  size  1.150000  1.400000  orientation 0.00
drill  0.000000
shape_offset  0.000000  0.000000
$EndPAD
$EndMODULE  C1

$MODULE "C2"
reference "C2"
value "1uF"
footprint "Capacitor_SMD:C_0805_2012Metric_Pad1.15x1.40mm_HandSolder"
attribut smd
position 178.710000 87.800000  orientation 180.00
layer front
$PAD "2"
Shape Roundrect Layer front
position  1.025000  0.000000  size  1.150000  1.400000  orientation 0.00
drill  0.000000
shape_offset  0.000000  0.000000
$EndPAD
$PAD "1"
Shape Roundrect Layer front
position -1.025000  0.000000  size  1.150000  1.400000  orientation 0.00
drill  0.000000
shape_offset  0.000000  0.000000
$EndPAD
$EndMODULE  C2

$MODULE "C3"
reference "C3"
value "100nF"
footprint "Capacitor_SMD:C_0805_2012Metric_Pad1.15x1.40mm_HandSolder"
attribut smd
position 170.610000 87.790000  orientation 0.00
layer front
$PAD "1"
Shape Roundrect Layer front
position -1.025000  0.000000  size  1.150000  1.400000  orientation 0.00
drill  0.000000
shape_offset  0.000000  0.000000
$EndPAD
$PAD "2"
Shape Roundrect Layer front
position  1.025000  0.000000  size  1.150000  1.400000  orientation 0.00
drill  0.000000
shape_offset  0.000000  0.000000
$EndPAD
$EndMODULE  C3

$MODULE "C6"
reference "C6"
value "100nF"
footprint "Capacitor_SMD:C_0805_2012Metric_Pad1.15x1.40mm_HandSolder"
attribut smd
position 165.710000 104.730000  orientation 0.00
layer front
$PAD "2"
Shape Roundrect Layer front
position  1.025000  0.000000  size  1.150000  1.400000  orientation 0.00
drill  0.000000
shape_offset  0.000000  0.000000
$EndPAD
$PAD "1"
Shape Roundrect Layer front
position -1.025000  0.000000  size  1.150000  1.400000  orientation 0.00
drill  0.000000
shape_offset  0.000000  0.000000
$EndPAD
$EndMODULE  C6

$MODULE "J1"
reference "J1"
value "USB_B_Micro"
footprint "Connector_USB:USB_Micro-B_Molex_47346-0001"
attribut smd
position 184.659000 71.676000  orientation 180.00
layer front
$PAD "1"
Shape Rect Layer front
position -1.300000 -1.460000  size  0.450000  1.380000  orientation 0.00
drill  0.000000
shape_offset  0.000000  0.000000
$EndPAD
$PAD "2"
Shape Rect Layer front
position -0.650000 -1.460000  size  0.450000  1.380000  orientation 0.00
drill  0.000000
shape_offset  0.000000  0.000000
$EndPAD
$PAD "3"
Shape Rect Layer front
position  0.000000 -1.460000  size  0.450000  1.380000  orientation 0.00
drill  0.000000
shape_offset  0.000000  0.000000
$EndPAD
$PAD "4"
Shape Rect Layer front
position  0.650000 -1.460000  size  0.450000  1.380000  orientation 0.00
drill  0.000000
shape_offset  0.000000  0.000000
$EndPAD
$PAD "5"
Shape Rect Layer front
position  1.300000 -1.460000  size  0.450000  1.380000  orientation 0.00
drill  0.000000
shape_offset  0.000000  0.000000
$EndPAD
$PAD "6"
Shape Rect Layer front
position -2.462500 -1.100000  size  1.475000  2.100000  orientation 0.00
drill  0.000000
shape_offset  0.000000  0.000000
$EndPAD
$PAD "6"
Shape Rect Layer front
position  2.462500 -1.100000  size  1.475000  2.100000  orientation 0.00
drill  0.000000
shape_offset  0.000000  0.000000
$EndPAD
$PAD "6"
Shape Rect Layer front
position -2.910000  1.200000  size  2.375000  1.900000  orientation 0.00
drill  0.000000
shape_offset  0.000000  0.000000
$EndPAD
$PAD "6"
Shape Rect Layer front
position  2.910000  1.200000  size  2.375000  1.900000  orientation 0.00
drill  0.000000
shape_offset  0.000000  0.000000
$EndPAD
$PAD "6"
Shape Rect Layer front
position -0.840000  1.200000  size  1.175000  1.900000  orientation 0.00
drill  0.000000
shape_offset  0.000000  0.000000
$EndPAD
$PAD "6"
Shape Rect Layer front
position  0.840000  1.200000  size  1.175000  1.900000  orientation 0.00
drill  0.000000
shape_offset  0.000000  0.000000
$EndPAD
$EndMODULE  J1

$MODULE "J2"
reference "J2"
value "EXT_SPI"
footprint "Connector_PinHeader_2.54mm:PinHeader_1x06_P2.54mm_Horizontal"
attribut none
position 192.025000 73.835000  orientation 0.00
layer front
$PAD "1"
Shape Rect Layer both
position  0.000000  0.000000  size  1.700000  1.700000  orientation 0.00
drill  1.000000
shape_offset  0.000000  0.000000
$EndPAD
$PAD "2"
Shape Oval Layer both
position  0.000000  2.540000  size  1.700000  1.700000  orientation 0.00
drill  1.000000
shape_offset  0.000000  0.000000
$EndPAD
$PAD "3"
Shape Oval Layer both
position  0.000000  5.080000  size  1.700000  1.700000  orientation 0.00
drill  1.000000
shape_offset  0.000000  0.000000
$EndPAD
$PAD "4"
Shape Oval Layer both
position  0.000000  7.620000  size  1.700000  1.700000  orientation 0.00
drill  1.000000
shape_offset  0.000000  0.000000
$EndPAD
$PAD "5"
Shape Oval Layer both
position  0.000000 10.160000  size  1.700000  1.700000  orientation 0.00
drill  1.000000
shape_offset  0.000000  0.000000
$EndPAD
$PAD "6"
Shape Oval Layer both
position  0.000000 12.700000  size  1.700000  1.700000  orientation 0.00
drill  1.000000
shape_offset  0.000000  0.000000
$EndPAD
$EndMODULE  J2

$MODULE "J4"
reference "J4"
value "EXT_I2C"
footprint "Connector_PinHeader_2.54mm:PinHeader_1x04_P2.54mm_Horizontal"
attribut none
position 186.310000 113.205000  orientation 270.00
layer front
$PAD "1"
Shape Rect Layer both
position  0.000000  0.000000  size  1.700000  1.700000  orientation 0.00
drill  1.000000
shape_offset  0.000000  0.000000
$EndPAD
$PAD "2"
Shape Oval Layer both
position  0.000000  2.540000  size  1.700000  1.700000  orientation 0.00
drill  1.000000
shape_offset  0.000000  0.000000
$EndPAD
$PAD "3"
Shape Oval Layer both
position  0.000000  5.080000  size  1.700000  1.700000  orientation 0.00
drill  1.000000
shape_offset  0.000000  0.000000
$EndPAD
$PAD "4"
Shape Oval Layer both
position  0.000000  7.620000  size  1.700000  1.700000  orientation 0.00
drill  1.000000
shape_offset  0.000000  0.000000
$EndPAD
$EndMODULE  J4

$MODULE "J5"
reference "J5"
value "EXT_UART"
footprint "Connector_PinHeader_2.54mm:PinHeader_1x06_P2.54mm_Horizontal"
attribut none
position 192.025000 106.855000  orientation 0.00
layer front
$PAD "1"
Shape Rect Layer both
position  0.000000  0.000000  size  1.700000  1.700000  orientation 0.00
drill  1.000000
shape_offset  0.000000  0.000000
$EndPAD
$PAD "2"
Shape Oval Layer both
position  0.000000  2.540000  size  1.700000  1.700000  orientation 0.00
drill  1.000000
shape_offset  0.000000  0.000000
$EndPAD
$PAD "3"
Shape Oval Layer both
position  0.000000  5.080000  size  1.700000  1.700000  orientation 0.00
drill  1.000000
shape_offset  0.000000  0.000000
$EndPAD
$PAD "4"
Shape Oval Layer both
position  0.000000  7.620000  size  1.700000  1.700000  orientation 0.00
drill  1.000000
shape_offset  0.000000  0.000000
$EndPAD
$PAD "5"
Shape Oval Layer both
position  0.000000 10.160000  size  1.700000  1.700000  orientation 0.00
drill  1.000000
shape_offset  0.000000  0.000000
$EndPAD
$PAD "6"
Shape Oval Layer both
position  0.000000 12.700000  size  1.700000  1.700000  orientation 0.00
drill  1.000000
shape_offset  0.000000  0.000000
$EndPAD
$EndMODULE  J5

$MODULE "JP3"
reference "JP3"
value "Voltage Select"
footprint "Jumper:SolderJumper-3_P1.3mm_Bridged12_RoundedPad1.0x1.5mm"
attribut virtual
position 196.470000 76.375000  orientation 90.00
layer back
$PAD "1"
Shape CustomShape Layer back
position -1.300000  0.000000  size  1.000000  0.500000  orientation 0.00
drill  0.000000
shape_offset  0.000000  0.000000
$EndPAD
$PAD "3"
Shape CustomShape Layer back
position  1.300000  0.000000  size  1.000000  0.500000  orientation 0.00
drill  0.000000
shape_offset  0.000000  0.000000
$EndPAD
$PAD "2"
Shape Rect Layer back
position  0.000000  0.000000  size  1.000000  1.500000  orientation 0.00
drill  0.000000
shape_offset  0.000000  0.000000
$EndPAD
$EndMODULE  JP3

$MODULE "JP4"
reference "JP4"
value "Voltage Select"
footprint "Jumper:SolderJumper-3_P1.3mm_Bridged12_RoundedPad1.0x1.5mm"
attribut virtual
position 183.770000 117.650000  orientation 180.00
layer back
$PAD "1"
Shape CustomShape Layer back
position -1.300000  0.000000  size  1.000000  0.500000  orientation 0.00
drill  0.000000
shape_offset  0.000000  0.000000
$EndPAD
$PAD "3"
Shape CustomShape Layer back
position  1.300000  0.000000  size  1.000000  0.500000  orientation 0.00
drill  0.000000
shape_offset  0.000000  0.000000
$EndPAD
$PAD "2"
Shape Rect Layer back
position  0.000000  0.000000  size  1.000000  1.500000  orientation 0.00
drill  0.000000
shape_offset  0.000000  0.000000
$EndPAD
$EndMODULE  JP4

$MODULE "JP5"
reference "JP5"
value "Voltage Select"
footprint "Jumper:SolderJumper-3_P1.3mm_Bridged12_RoundedPad1.0x1.5mm"
attribut virtual
position 196.470000 111.935000  orientation 90.00
layer back
$PAD "2"
Shape Rect Layer back
position  0.000000  0.000000  size  1.000000  1.500000  orientation 0.00
drill  0.000000
shape_offset  0.000000  0.000000
$EndPAD
$PAD "3"
Shape CustomShape Layer back
position  1.300000  0.000000  size  1.000000  0.500000  orientation 0.00
drill  0.000000
shape_offset  0.000000  0.000000
$EndPAD
$PAD "1"
Shape CustomShape Layer back
position -1.300000  0.000000  size  1.000000  0.500000  orientation 0.00
drill  0.000000
shape_offset  0.000000  0.000000
$EndPAD
$EndMODULE  JP5

$MODULE "R1"
reference "R1"
value "1K5"
footprint "Resistor_SMD:R_0805_2012Metric_Pad1.15x1.40mm_HandSolder"
attribut smd
position 186.490000 81.580000  orientation 270.00
layer front
$PAD "1"
Shape Roundrect Layer front
position -1.025000  0.000000  size  1.150000  1.400000  orientation 0.00
drill  0.000000
shape_offset  0.000000  0.000000
$EndPAD
$PAD "2"
Shape Roundrect Layer front
position  1.025000  0.000000  size  1.150000  1.400000  orientation 0.00
drill  0.000000
shape_offset  0.000000  0.000000
$EndPAD
$EndMODULE  R1

$MODULE "R2"
reference "R2"
value "33K"
footprint "Resistor_SMD:R_0805_2012Metric_Pad1.15x1.40mm_HandSolder"
attribut smd
position 180.070000 77.390000  orientation 180.00
layer front
$PAD "1"
Shape Roundrect Layer front
position -1.025000  0.000000  size  1.150000  1.400000  orientation 0.00
drill  0.000000
shape_offset  0.000000  0.000000
$EndPAD
$PAD "2"
Shape Roundrect Layer front
position  1.025000  0.000000  size  1.150000  1.400000  orientation 0.00
drill  0.000000
shape_offset  0.000000  0.000000
$EndPAD
$EndMODULE  R2

$MODULE "R3"
reference "R3"
value "33K"
footprint "Resistor_SMD:R_0805_2012Metric_Pad1.15x1.40mm_HandSolder"
attribut smd
position 180.070000 75.450000  orientation 0.00
layer front
$PAD "2"
Shape Roundrect Layer front
position  1.025000  0.000000  size  1.150000  1.400000  orientation 0.00
drill  0.000000
shape_offset  0.000000  0.000000
$EndPAD
$PAD "1"
Shape Roundrect Layer front
position -1.025000  0.000000  size  1.150000  1.400000  orientation 0.00
drill  0.000000
shape_offset  0.000000  0.000000
$EndPAD
$EndMODULE  R3

$MODULE "R4"
reference "R4"
value "82R"
footprint "Resistor_SMD:R_0805_2012Metric_Pad1.15x1.40mm_HandSolder"
attribut smd
position 182.840000 88.250000  orientation 180.00
layer front
$PAD "1"
Shape Roundrect Layer front
position -1.025000  0.000000  size  1.150000  1.400000  orientation 0.00
drill  0.000000
shape_offset  0.000000  0.000000
$EndPAD
$PAD "2"
Shape Roundrect Layer front
position  1.025000  0.000000  size  1.150000  1.400000  orientation 0.00
drill  0.000000
shape_offset  0.000000  0.000000
$EndPAD
$EndMODULE  R4

$MODULE "R5"
reference "R5"
value "82R"
footprint "Resistor_SMD:R_0805_2012Metric_Pad1.15x1.40mm_HandSolder"
attribut smd
position 188.215000 90.980000  orientation 270.00
layer front
$PAD "2"
Shape Roundrect Layer front
position  1.025000  0.000000  size  1.150000  1.400000  orientation 0.00
drill  0.000000
shape_offset  0.000000  0.000000
$EndPAD
$PAD "1"
Shape Roundrect Layer front
position -1.025000  0.000000  size  1.150000  1.400000  orientation 0.00
drill  0.000000
shape_offset  0.000000  0.000000
$EndPAD
$EndMODULE  R5

$MODULE "R6"
reference "R6"
value "82R"
footprint "Resistor_SMD:R_0805_2012Metric_Pad1.15x1.40mm_HandSolder"
attribut smd
position 182.790000 93.750000  orientation 180.00
layer front
$PAD "2"
Shape Roundrect Layer front
position  1.025000  0.000000  size  1.150000  1.400000  orientation 0.00
drill  0.000000
shape_offset  0.000000  0.000000
$EndPAD
$PAD "1"
Shape Roundrect Layer front
position -1.025000  0.000000  size  1.150000  1.400000  orientation 0.00
drill  0.000000
shape_offset  0.000000  0.000000
$EndPAD
$EndMODULE  R6

$MODULE "R7"
reference "R7"
value "33K"
footprint "Resistor_SMD:R_0805_2012Metric_Pad1.15x1.40mm_HandSolder"
attribut smd
position 164.240000 110.200000  orientation 180.00
layer front
$PAD "1"
Shape Roundrect Layer front
position -1.025000  0.000000  size  1.150000  1.400000  orientation 0.00
drill  0.000000
shape_offset  0.000000  0.000000
$EndPAD
$PAD "2"
Shape Roundrect Layer front
position  1.025000  0.000000  size  1.150000  1.400000  orientation 0.00
drill  0.000000
shape_offset  0.000000  0.000000
$EndPAD
$EndMODULE  R7

$MODULE "R10"
reference "R10"
value "4K7"
footprint "Resistor_SMD:R_0805_2012Metric_Pad1.15x1.40mm_HandSolder"
attribut smd
position 177.665000 110.175000  orientation 0.00
layer front
$PAD "2"
Shape Roundrect Layer front
position  1.025000  0.000000  size  1.150000  1.400000  orientation 0.00
drill  0.000000
shape_offset  0.000000  0.000000
$EndPAD
$PAD "1"
Shape Roundrect Layer front
position -1.025000  0.000000  size  1.150000  1.400000  orientation 0.00
drill  0.000000
shape_offset  0.000000  0.000000
$EndPAD
$EndMODULE  R10

$MODULE "SW2"
reference "SW2"
value "RESET"
footprint "Button_Switch_SMD:SW_SPST_B3SL-1022P"
attribut smd
position 144.920000 73.020000  orientation 180.00
layer back
$PAD "2"
Shape Rect Layer back
position -2.880000 -2.000000  size  2.750000  1.000000  orientation 0.00
drill  0.000000
shape_offset  0.000000  0.000000
$EndPAD
$PAD "2"
Shape Rect Layer back
position  2.880000 -2.000000  size  2.750000  1.000000  orientation 0.00
drill  0.000000
shape_offset  0.000000  0.000000
$EndPAD
$PAD "1"
Shape Rect Layer back
position  2.880000  2.000000  size  2.750000  1.000000  orientation 0.00
drill  0.000000
shape_offset  0.000000  0.000000
$EndPAD
$PAD "1"
Shape Rect Layer back
position -2.880000  2.000000  size  2.750000  1.000000  orientation 0.00
drill  0.000000
shape_offset  0.000000  0.000000
$EndPAD
$EndMODULE  SW2

$MODULE "SW3"
reference "SW3"
value "LEFT"
footprint "Button_Switch_SMD:SW_SPST_B3SL-1022P"
attribut smd
position 149.190000 120.000000  orientation 0.00
layer back
$PAD "1"
Shape Rect Layer back
position -2.880000  2.000000  size  2.750000  1.000000  orientation 0.00
drill  0.000000
shape_offset  0.000000  0.000000
$EndPAD
$PAD "1"
Shape Rect Layer back
position  2.880000  2.000000  size  2.750000  1.000000  orientation 0.00
drill  0.000000
shape_offset  0.000000  0.000000
$EndPAD
$PAD "2"
Shape Rect Layer back
position  2.880000 -2.000000  size  2.750000  1.000000  orientation 0.00
drill  0.000000
shape_offset  0.000000  0.000000
$EndPAD
$PAD "2"
Shape Rect Layer back
position -2.880000 -2.000000  size  2.750000  1.000000  orientation 0.00
drill  0.000000
shape_offset  0.000000  0.000000
$EndPAD
$EndMODULE  SW3

$MODULE "SW5"
reference "SW5"
value "RIGHT"
footprint "Button_Switch_SMD:SW_SPST_B3SL-1022P"
attribut smd
position 169.190000 120.000000  orientation 0.00
layer back
$PAD "2"
Shape Rect Layer back
position -2.880000 -2.000000  size  2.750000  1.000000  orientation 0.00
drill  0.000000
shape_offset  0.000000  0.000000
$EndPAD
$PAD "2"
Shape Rect Layer back
position  2.880000 -2.000000  size  2.750000  1.000000  orientation 0.00
drill  0.000000
shape_offset  0.000000  0.000000
$EndPAD
$PAD "1"
Shape Rect Layer back
position  2.880000  2.000000  size  2.750000  1.000000  orientation 0.00
drill  0.000000
shape_offset  0.000000  0.000000
$EndPAD
$PAD "1"
Shape Rect Layer back
position -2.880000  2.000000  size  2.750000  1.000000  orientation 0.00
drill  0.000000
shape_offset  0.000000  0.000000
$EndPAD
$EndMODULE  SW5

$MODULE "U2"
reference "U2"
value "MIC5504-3.3YM5"
footprint "Package_TO_SOT_SMD:SOT-23-5_HandSoldering"
attribut smd
position 179.260000 82.280000  orientation 180.00
layer front
$PAD "1"
Shape Rect Layer front
position -1.350000 -0.950000  size  1.560000  0.650000  orientation 0.00
drill  0.000000
shape_offset  0.000000  0.000000
$EndPAD
$PAD "2"
Shape Rect Layer front
position -1.350000  0.000000  size  1.560000  0.650000  orientation 0.00
drill  0.000000
shape_offset  0.000000  0.000000
$EndPAD
$PAD "3"
Shape Rect Layer front
position -1.350000  0.950000  size  1.560000  0.650000  orientation 0.00
drill  0.000000
shape_offset  0.000000  0.000000
$EndPAD
$PAD "4"
Shape Rect Layer front
position  1.350000  0.950000  size  1.560000  0.650000  orientation 0.00
drill  0.000000
shape_offset  0.000000  0.000000
$EndPAD
$PAD "5"
Shape Rect Layer front
position  1.350000 -0.950000  size  1.560000  0.650000  orientation 0.00
drill  0.000000
shape_offset  0.000000  0.000000
$EndPAD
$EndMODULE  U2

$MODULE ""
reference ""
value "MountingHole_4.3mm_M4"
footprint "MountingHole:MountingHole_4.3mm_M4"
attribut virtual
position 157.190000 74.000000  orientation 0.00
layer front
$PAD "1"
Shape Circle Layer both
position  0.000000  0.000000  size  4.300000  4.300000  orientation 0.00
drill  4.300000
shape_offset  0.000000  0.000000
$EndPAD
$EndMODULE  

$MODULE "G***"
reference "G***"
value "LOGO"
footprint "PCB_Graphics:github_link"
attribut none
position 129.740000 95.800000  orientation 180.00
layer back
$EndMODULE  G***

$MODULE "G***"
reference "G***"
value "LOGO"
footprint "PCB_Graphics:OI_Careers_link"
attribut none
position 135.710000 108.620000  orientation 0.00
layer front
$EndMODULE  G***

$MODULE "G***"
reference "G***"
value "LOGO"
footprint "PCB_Graphics:AW_Signature_7mm_inv"
attribut none
position 123.740000 74.150000  orientation 180.00
layer back
$EndMODULE  G***

$MODULE "G***"
reference "G***"
value "LOGO"
footprint "PCB_Graphics:Open_Hardware"
attribut none
position 135.715000 112.800000  orientation 180.00
layer back
$EndMODULE  G***

$MODULE "G***"
reference "G***"
value "LOGO"
footprint "PCB_Graphics:PB_Free_Ring"
attribut none
position 122.865000 112.650000  orientation 180.00
layer back
$EndMODULE  G***

$MODULE "G***"
reference "G***"
value "LOGO"
footprint "PCB_Graphics:PB_Free_Text"
attribut none
position 122.865000 112.650000  orientation 180.00
layer back
$EndMODULE  G***

$MODULE "J9"
reference "J9"
value "SWD"
footprint "Connector_PinHeader_2.54mm:PinHeader_1x05_P2.54mm_Horizontal"
attribut none
position 173.140000 113.200000  orientation 270.00
layer front
$PAD "1"
Shape Rect Layer both
position  0.000000  0.000000  size  1.700000  1.700000  orientation 0.00
drill  1.000000
shape_offset  0.000000  0.000000
$EndPAD
$PAD "2"
Shape Oval Layer both
position  0.000000  2.540000  size  1.700000  1.700000  orientation 0.00
drill  1.000000
shape_offset  0.000000  0.000000
$EndPAD
$PAD "3"
Shape Oval Layer both
position  0.000000  5.080000  size  1.700000  1.700000  orientation 0.00
drill  1.000000
shape_offset  0.000000  0.000000
$EndPAD
$PAD "4"
Shape Oval Layer both
position  0.000000  7.620000  size  1.700000  1.700000  orientation 0.00
drill  1.000000
shape_offset  0.000000  0.000000
$EndPAD
$PAD "5"
Shape Oval Layer both
position  0.000000 10.160000  size  1.700000  1.700000  orientation 0.00
drill  1.000000
shape_offset  0.000000  0.000000
$EndPAD
$EndMODULE  J9

$MODULE "R16"
reference "R16"
value "33K"
footprint "Resistor_SMD:R_0805_2012Metric_Pad1.15x1.40mm_HandSolder"
attribut smd
position 168.890000 110.250000  orientation 180.00
layer front
$PAD "2"
Shape Roundrect Layer front
position  1.025000  0.000000  size  1.150000  1.400000  orientation 0.00
drill  0.000000
shape_offset  0.000000  0.000000
$EndPAD
$PAD "1"
Shape Roundrect Layer front
position -1.025000  0.000000  size  1.150000  1.400000  orientation 0.00
drill  0.000000
shape_offset  0.000000  0.000000
$EndPAD
$EndMODULE  R16

$MODULE "R17"
reference "R17"
value "33K"
footprint "Resistor_SMD:R_0805_2012Metric_Pad1.15x1.40mm_HandSolder"
attribut smd
position 172.940000 110.250000  orientation 180.00
layer front
$PAD "1"
Shape Roundrect Layer front
position -1.025000  0.000000  size  1.150000  1.400000  orientation 0.00
drill  0.000000
shape_offset  0.000000  0.000000
$EndPAD
$PAD "2"
Shape Roundrect Layer front
position  1.025000  0.000000  size  1.150000  1.400000  orientation 0.00
drill  0.000000
shape_offset  0.000000  0.000000
$EndPAD
$EndMODULE  R17

$MODULE "G***"
reference "G***"
value "LOGO"
footprint "PCB_Graphics:ESD_Copper_8mm"
attribut none
position 134.690000 74.300000  orientation 180.00
layer back
$EndMODULE  G***

$MODULE "G***"
reference "G***"
value "LOGO"
footprint "PCB_Graphics:ESD_Silk_8mm"
attribut none
position 134.690000 74.300000  orientation 180.00
layer back
$EndMODULE  G***

$MODULE "C9"
reference "C9"
value "100nF"
footprint "Capacitor_SMD:C_0805_2012Metric_Pad1.15x1.40mm_HandSolder"
attribut smd
position 178.710000 85.900000  orientation 180.00
layer front
$PAD "1"
Shape Roundrect Layer front
position -1.025000  0.000000  size  1.150000  1.400000  orientation 0.00
drill  0.000000
shape_offset  0.000000  0.000000
$EndPAD
$PAD "2"
Shape Roundrect Layer front
position  1.025000  0.000000  size  1.150000  1.400000  orientation 0.00
drill  0.000000
shape_offset  0.000000  0.000000
$EndPAD
$EndMODULE  C9

$MODULE "C10"
reference "C10"
value "100nF"
footprint "Capacitor_SMD:C_0805_2012Metric_Pad1.15x1.40mm_HandSolder"
attribut smd
position 179.150000 99.630000  orientation 225.00
layer front
$PAD "1"
Shape Roundrect Layer front
position -1.024999  0.000000  size  1.150000  1.400000  orientation 0.00
drill  0.000000
shape_offset  0.000000  0.000000
$EndPAD
$PAD "2"
Shape Roundrect Layer front
position  1.024999  0.000000  size  1.150000  1.400000  orientation 0.00
drill  0.000000
shape_offset  0.000000  0.000000
$EndPAD
$EndMODULE  C10

$MODULE "D1"
reference "D1"
value "GREEN"
footprint "LED_SMD:LED_0805_2012Metric_Pad1.15x1.40mm_HandSolder"
attribut smd
position 184.450000 81.610000  orientation 270.00
layer front
$PAD "1"
Shape Roundrect Layer front
position -1.025000  0.000000  size  1.150000  1.400000  orientation 0.00
drill  0.000000
shape_offset  0.000000  0.000000
$EndPAD
$PAD "2"
Shape Roundrect Layer front
position  1.025000  0.000000  size  1.150000  1.400000  orientation 0.00
drill  0.000000
shape_offset  0.000000  0.000000
$EndPAD
$EndMODULE  D1

$MODULE "R9"
reference "R9"
value "33K"
footprint "Resistor_SMD:R_0805_2012Metric_Pad1.15x1.40mm_HandSolder"
attribut smd
position 174.850000 105.790000  orientation 90.00
layer front
$PAD "1"
Shape Roundrect Layer front
position -1.025000  0.000000  size  1.150000  1.400000  orientation 0.00
drill  0.000000
shape_offset  0.000000  0.000000
$EndPAD
$PAD "2"
Shape Roundrect Layer front
position  1.025000  0.000000  size  1.150000  1.400000  orientation 0.00
drill  0.000000
shape_offset  0.000000  0.000000
$EndPAD
$EndMODULE  R9

$MODULE "R14"
reference "R14"
value "82R"
footprint "Resistor_SMD:R_0805_2012Metric_Pad1.15x1.40mm_HandSolder"
attribut smd
position 165.240000 106.780000  orientation 0.00
layer front
$PAD "2"
Shape Roundrect Layer front
position  1.025000  0.000000  size  1.150000  1.400000  orientation 0.00
drill  0.000000
shape_offset  0.000000  0.000000
$EndPAD
$PAD "1"
Shape Roundrect Layer front
position -1.025000  0.000000  size  1.150000  1.400000  orientation 0.00
drill  0.000000
shape_offset  0.000000  0.000000
$EndPAD
$EndMODULE  R14

$MODULE "C11"
reference "C11"
value "100nF"
footprint "Capacitor_SMD:C_0805_2012Metric_Pad1.15x1.40mm_HandSolder"
attribut smd
position 177.135000 89.700000  orientation 0.00
layer front
$PAD "1"
Shape Roundrect Layer front
position -1.025000  0.000000  size  1.150000  1.400000  orientation 0.00
drill  0.000000
shape_offset  0.000000  0.000000
$EndPAD
$PAD "2"
Shape Roundrect Layer front
position  1.025000  0.000000  size  1.150000  1.400000  orientation 0.00
drill  0.000000
shape_offset  0.000000  0.000000
$EndPAD
$EndMODULE  C11

$MODULE "TP1"
reference "TP1"
value "TestPoint"
footprint "Alex_Parts:TestPoint_Pad_D1.0mm"
attribut virtual
position 162.590000 97.300000  orientation 0.00
layer front
$PAD "1"
Shape Circle Layer front
position  0.000000  0.000000  size  1.000000  1.000000  orientation 0.00
drill  0.000000
shape_offset  0.000000  0.000000
$EndPAD
$EndMODULE  TP1

$MODULE "TP2"
reference "TP2"
value "TestPoint"
footprint "Alex_Parts:TestPoint_Pad_D1.0mm"
attribut virtual
position 164.740000 102.250000  orientation 0.00
layer front
$PAD "1"
Shape Circle Layer front
position  0.000000  0.000000  size  1.000000  1.000000  orientation 0.00
drill  0.000000
shape_offset  0.000000  0.000000
$EndPAD
$EndMODULE  TP2

$MODULE "TP3"
reference "TP3"
value "TestPoint"
footprint "Alex_Parts:TestPoint_Pad_D1.0mm"
attribut virtual
position 163.790000 101.100000  orientation 0.00
layer front
$PAD "1"
Shape Circle Layer front
position  0.000000  0.000000  size  1.000000  1.000000  orientation 0.00
drill  0.000000
shape_offset  0.000000  0.000000
$EndPAD
$EndMODULE  TP3

$MODULE "TP4"
reference "TP4"
value "TestPoint"
footprint "Alex_Parts:TestPoint_Pad_D1.0mm"
attribut virtual
position 164.790000 100.050000  orientation 0.00
layer front
$PAD "1"
Shape Circle Layer front
position  0.000000  0.000000  size  1.000000  1.000000  orientation 0.00
drill  0.000000
shape_offset  0.000000  0.000000
$EndPAD
$EndMODULE  TP4

$MODULE "TP5"
reference "TP5"
value "TestPoint"
footprint "Alex_Parts:TestPoint_Pad_D1.0mm"
attribut virtual
position 163.190000 98.650000  orientation 0.00
layer front
$PAD "1"
Shape Circle Layer front
position  0.000000  0.000000  size  1.000000  1.000000  orientation 0.00
drill  0.000000
shape_offset  0.000000  0.000000
$EndPAD
$EndMODULE  TP5

$MODULE "TP6"
reference "TP6"
value "TestPoint"
footprint "Alex_Parts:TestPoint_Pad_D1.0mm"
attribut virtual
position 161.690000 98.450000  orientation 0.00
layer front
$PAD "1"
Shape Circle Layer front
position  0.000000  0.000000  size  1.000000  1.000000  orientation 0.00
drill  0.000000
shape_offset  0.000000  0.000000
$EndPAD
$EndMODULE  TP6

$EndDESCRIPTION
